[debug] [2019-10-02T02:32:14.698Z] ----------------------------------------------------------------------
[debug] [2019-10-02T02:32:14.701Z] Command:       C:\Program Files\nodejs\node.exe C:\Users\Usuario\AppData\Roaming\npm\node_modules\firebase-tools\lib\bin\firebase.js deploy --only hosting:allies
[debug] [2019-10-02T02:32:14.701Z] CLI Version:   7.3.2
[debug] [2019-10-02T02:32:14.701Z] Platform:      win32
[debug] [2019-10-02T02:32:14.701Z] Node Version:  v10.15.0
[debug] [2019-10-02T02:32:14.703Z] Time:          Tue Oct 01 2019 21:32:14 GMT-0500 (GMT-05:00)
[debug] [2019-10-02T02:32:14.703Z] ----------------------------------------------------------------------
[debug] 
[debug] [2019-10-02T02:32:14.715Z] > command requires scopes: ["email","openid","https://www.googleapis.com/auth/cloudplatformprojects.readonly","https://www.googleapis.com/auth/firebase","https://www.googleapis.com/auth/cloud-platform"]
[debug] [2019-10-02T02:32:14.717Z] > authorizing via signed-in user
[debug] [2019-10-02T02:32:14.717Z] [iam] checking project famosos-27f08 for permissions ["firebase.projects.get","firebasehosting.sites.update"]
[debug] [2019-10-02T02:32:14.719Z] >>> HTTP REQUEST POST https://cloudresourcemanager.googleapis.com/v1/projects/famosos-27f08:testIamPermissions  

[debug] [2019-10-02T02:32:15.202Z] <<< HTTP RESPONSE 200
[debug] [2019-10-02T02:32:15.205Z] >>> HTTP REQUEST GET https://firebase.googleapis.com/v1beta1/projects/famosos-27f08  
 
[debug] [2019-10-02T02:32:15.853Z] <<< HTTP RESPONSE 200
[info] 
[info] === Deploying to 'famosos-27f08'...
[info] 
[info] i  deploying hosting
[info] 
[info] +  Deploy complete!
[info] 
[info] Project Console: https://console.firebase.google.com/project/famosos-27f08/overview
[debug] [2019-10-02T02:32:16.182Z] TypeError: Cannot read property 'deploys' of undefined
    at C:\Users\Usuario\AppData\Roaming\npm\node_modules\firebase-tools\lib\deploy\index.js:84:36
    at process._tickCallback (internal/process/next_tick.js:68:7)
[error] 
[error] Error: An unexpected error has occurred.
